number,value,datetime_start,datetime_complete,duration,params_colsample_bytree,params_min_child_samples,params_n_estimators,params_reg_alpha,params_reg_lambda,params_scale_pos_weight,params_subsample,params_subsample_freq,state
0,0.778348412551496,2022-07-09 02:47:02.956404,2022-07-09 02:54:34.917066,0 days 00:07:31.960662,0.5313396120734114,262,253,1.2865108236859313,0.28439621345811766,2.1932476316940814,0.7926958444960722,9,COMPLETE
1,0.7789681825065135,2022-07-09 02:54:34.936513,2022-07-09 03:02:59.912725,0 days 00:08:24.976212,0.44382813013833566,211,256,0.22674966820025513,0.43520496989501284,2.1175402212860965,0.6408114352447287,6,COMPLETE
2,0.7802971647453754,2022-07-09 03:02:59.921348,2022-07-09 03:11:23.987011,0 days 00:08:24.065663,0.4803493201126924,274,293,2.4670082381059872,1.3460118640908993,2.111007733578304,0.7776294697086545,10,COMPLETE
3,0.7804017580637356,2022-07-09 03:11:23.993277,2022-07-09 03:20:31.058042,0 days 00:09:07.064765,0.4363313816047155,246,299,0.2981825125418758,1.286688989108854,2.1122577812667447,0.6557129157232046,7,COMPLETE
4,0.7791332369211551,2022-07-09 03:20:31.063802,2022-07-09 03:28:55.603594,0 days 00:08:24.539792,0.5004962771907553,252,258,0.18756326911117763,0.14962954915750987,2.000973795676787,0.6756794378362326,8,COMPLETE
5,0.7763464869079887,2022-07-09 03:28:55.613335,2022-07-09 03:35:03.767178,0 days 00:06:08.153843,0.40376148160914055,261,227,0.21095541205355073,7.6441429705882085,2.1253817347425805,0.7180565434982746,7,COMPLETE
6,0.7769337018693621,2022-07-09 03:35:03.776200,2022-07-09 03:41:45.384073,0 days 00:06:41.607873,0.5687049274115923,265,275,9.012737994783127,4.007362502116066,2.104924059605944,0.7264838278800729,10,COMPLETE
7,0.779168015486977,2022-07-09 03:41:45.392132,2022-07-09 03:50:56.714244,0 days 00:09:11.322112,0.5090299982146451,203,261,0.12623277944690225,0.1685990689895091,1.9614779859254465,0.6193311435373711,6,COMPLETE
8,0.7790507117305434,2022-07-09 03:50:56.724348,2022-07-09 03:58:06.423756,0 days 00:07:09.699408,0.42696692439109896,221,275,4.791901432596868,0.7546202902770882,1.978377576962198,0.7110128345009114,6,COMPLETE
9,0.7777336565415511,2022-07-09 03:58:06.428825,2022-07-09 04:04:53.747498,0 days 00:06:47.318673,0.45276971409271327,238,256,2.18701799402618,4.066842261874378,2.1276974711769507,0.6888082249248833,8,COMPLETE
10,0.7805796837164796,2022-07-09 04:04:53.754314,2022-07-09 04:13:04.958021,0 days 00:08:11.203707,0.36215078385774657,238,299,0.562706080117009,1.6250110069980166,2.2464613585725592,0.6024338435083867,7,COMPLETE
11,0.7802028138877686,2022-07-09 04:13:04.968399,2022-07-09 04:21:25.616240,0 days 00:08:20.647841,0.3540484521453615,238,300,0.5704489079816069,1.3563625882644637,2.233854498298847,0.6041200872101371,7,COMPLETE
12,0.780405258560479,2022-07-09 04:21:25.624428,2022-07-09 04:29:11.809195,0 days 00:07:46.184767,0.35005074949266907,229,284,0.5272501934093944,2.4195142726730774,2.034705824509825,0.6486520732591227,7,COMPLETE
13,0.7794877645591975,2022-07-09 04:29:11.820304,2022-07-09 04:36:51.270624,0 days 00:07:39.450320,0.35857982336864885,224,285,0.5815092339692384,2.9995148972332384,2.038424628530982,0.6331102578684857,7,COMPLETE
14,0.7793280619691939,2022-07-09 04:36:51.276381,2022-07-09 04:44:22.654714,0 days 00:07:31.378333,0.39329513472379984,225,280,0.5395047933696551,2.49668163840382,1.921445451543796,0.6027565833956463,8,COMPLETE
15,0.7784580345270176,2022-07-09 04:44:22.664283,2022-07-09 04:51:39.597422,0 days 00:07:16.933139,0.37446893714625074,229,289,0.8618305019548694,8.943153291083691,2.041358105050302,0.657862042800929,9,COMPLETE
16,0.7773500430079778,2022-07-09 04:51:39.606314,2022-07-09 04:57:52.780189,0 days 00:06:13.173875,0.400949729488194,248,238,1.3120784546917887,2.0856546593130325,2.1707098456965657,0.6262640667396848,7,COMPLETE
17,0.7792390946741161,2022-07-09 04:57:52.786520,2022-07-09 05:06:46.045651,0 days 00:08:53.259131,0.5895821390623409,231,271,0.3826785636907774,0.7177915535169448,2.0550531427947956,0.6651477077829488,9,COMPLETE
18,0.7802120991467081,2022-07-09 05:06:46.050199,2022-07-09 05:14:52.681170,0 days 00:08:06.630971,0.37943694962015273,214,290,0.8982643806244064,4.959909350053193,2.226739701902128,0.7432120779626499,8,COMPLETE
19,0.7784249475493658,2022-07-09 05:14:52.687075,2022-07-09 05:21:53.843139,0 days 00:07:01.156064,0.4124062612450415,242,267,2.137311252903837,2.038712556083028,2.16483107179329,0.6455966937157062,6,COMPLETE
20,0.7804022099514306,2022-07-09 05:21:53.850936,2022-07-09 05:30:16.148337,0 days 00:08:22.297401,0.3555064403178774,216,281,0.11425290766321758,0.5614666922697743,2.007571200558839,0.6189003552022508,7,COMPLETE
21,0.7797629945036205,2022-07-09 05:30:16.156045,2022-07-09 05:38:41.135993,0 days 00:08:24.979948,0.3525109729921728,215,283,0.15333947974852807,0.5140105330112748,2.004906983524261,0.6203865026873703,7,COMPLETE
22,0.7808142695638579,2022-07-09 05:38:41.144632,2022-07-09 05:47:54.136231,0 days 00:09:12.991599,0.3765239519715471,206,294,0.110239282336933,0.3271089056336972,2.067660224591967,0.6024528966069601,7,COMPLETE
23,0.7801048963705977,2022-07-09 05:47:54.141633,2022-07-09 05:56:59.495656,0 days 00:09:05.354023,0.3792606764940072,200,296,0.33778094275102566,0.25703577053324606,2.072894041996083,0.6063633459381804,8,COMPLETE
24,0.7807066023879392,2022-07-09 05:56:59.503848,2022-07-09 06:05:26.226565,0 days 00:08:26.722717,0.3749202927963382,232,291,0.439173719876099,0.9640739146043695,2.088481753118434,0.68542493491375,6,COMPLETE
25,0.7807780523404664,2022-07-09 06:05:26.231814,2022-07-09 06:15:20.651978,0 days 00:09:54.420164,0.4185988523623814,208,293,0.28731769969723053,0.10281106925390071,2.083639788399318,0.7505738345319813,6,COMPLETE
26,0.781032892376459,2022-07-09 06:15:20.659766,2022-07-09 06:25:26.388302,0 days 00:10:05.728536,0.4663861186616683,204,290,0.2603089332823823,0.2610987574234948,2.0796351428290683,0.7546278201072811,6,COMPLETE
27,0.7807522939624028,2022-07-09 06:25:26.397159,2022-07-09 06:35:48.853893,0 days 00:10:22.456734,0.46150559979800293,206,289,0.10339380975639174,0.11329683264472204,2.1443943228422264,0.754804837693783,6,COMPLETE
28,0.7799406933040709,2022-07-09 06:35:48.863406,2022-07-09 06:45:04.401135,0 days 00:09:15.537729,0.4193852339348283,207,276,0.27403366498905324,0.27608852287465746,2.0756311062775827,0.7547947971539374,6,COMPLETE
29,0.7788679782106273,2022-07-09 06:45:04.408105,2022-07-09 06:53:46.273009,0 days 00:08:41.864904,0.47511554751264296,209,244,0.16288296637492505,0.20127095074580906,2.201804547193825,0.7874822553942178,6,COMPLETE
30,0.7800692946733639,2022-07-09 09:42:03.091845,2022-07-09 09:51:50.418262,0 days 00:09:47.326417,0.32282318425268186,193,295,0.05221046187839167,0.05529458963492882,2.0818498921083166,0.5469636131652487,5,COMPLETE
31,0.7797626884434999,2022-07-09 09:51:50.431818,2022-07-09 10:04:44.965578,0 days 00:12:54.533760,0.6374817483035293,193,289,0.07047595415756429,0.0826101286266779,2.1495696266726605,0.8338623453678681,5,COMPLETE
32,0.780356664126467,2022-07-09 10:04:44.974854,2022-07-09 10:17:01.288756,0 days 00:12:16.313902,0.4568954487318736,180,294,0.029133121110540693,0.018254895262542932,2.1409626120863003,0.8236590924765501,5,COMPLETE
33,0.780484593226733,2022-07-09 10:17:01.295614,2022-07-09 10:26:44.480321,0 days 00:09:43.184707,0.5442166869937386,198,288,0.011809819957965323,0.08940773758339725,2.0589137358558656,0.5077037030770382,5,COMPLETE
34,0.7811815107570494,2022-07-09 10:26:44.485315,2022-07-09 10:39:07.481261,0 days 00:12:22.995946,0.5020395707649,205,295,0.07490651257805736,0.04203180233535071,2.094718226282311,0.8638274860000448,6,COMPLETE
35,0.7805430126926398,2022-07-09 10:39:07.491431,2022-07-09 10:52:30.492369,0 days 00:13:23.000938,0.5056740937370071,184,301,0.04806928320505212,0.0486485045365051,2.0939273928954347,0.8636400086026754,6,COMPLETE
36,0.7809456230822314,2022-07-09 10:52:30.503448,2022-07-09 11:04:30.005109,0 days 00:11:59.501661,0.3062999735105544,194,303,0.07616986538186112,0.024957054298278266,2.0240994776116854,0.8932831079331761,4,COMPLETE
37,0.7813677686265533,2022-07-09 11:04:30.015869,2022-07-09 11:17:03.596702,0 days 00:12:33.580833,0.30322241254931315,191,305,0.023801701428866968,0.014197155528095789,2.0258602411842506,0.896717566626187,4,COMPLETE
38,0.7805961499826086,2022-07-09 11:17:03.603909,2022-07-09 11:30:16.993485,0 days 00:13:13.389576,0.3065088509039032,169,304,0.021569257530308354,0.012673749125498608,1.9800737014884005,0.8934697983904608,4,COMPLETE
39,0.7803843942582931,2022-07-09 11:30:17.005145,2022-07-09 11:43:05.976960,0 days 00:12:48.971815,0.30002154580342805,194,309,0.02838743145900916,0.023377686359039553,2.0198875109892827,0.891882051717208,4,COMPLETE
40,0.7812369900248306,2022-07-09 11:43:05.985865,2022-07-09 11:55:42.099202,0 days 00:12:36.113337,0.32653055812983056,188,305,0.06361385344617893,0.030389372440200586,1.9385641913789469,0.8625394943481587,3,COMPLETE
41,0.7809439493570262,2022-07-09 11:55:42.108231,2022-07-09 12:08:14.499339,0 days 00:12:32.391108,0.32647769597626586,188,306,0.07662719374578948,0.031249965531447346,1.9476517254763042,0.8626572479386984,3,COMPLETE
42,0.7803222126485898,2022-07-09 12:08:14.507925,2022-07-09 12:20:47.620271,0 days 00:12:33.112346,0.3161907456429606,178,307,0.04001635017337854,0.03492958343761291,1.9128685928475226,0.8160376364317382,3,COMPLETE
43,0.7811241377702365,2022-07-09 12:20:47.628764,2022-07-09 12:33:37.407210,0 days 00:12:49.778446,0.33317670484126294,188,303,0.014637272321971219,0.010699381535351488,1.9875506744404527,0.863242966645032,4,COMPLETE
44,0.7807283280665952,2022-07-09 12:33:37.415453,2022-07-09 12:46:54.608561,0 days 00:13:17.193108,0.33619409337846107,188,309,0.01022787669749686,0.011611458146712059,1.9365698989054796,0.8605422796693669,4,COMPLETE
45,0.7811804439534414,2022-07-09 12:46:54.619193,2022-07-09 13:00:34.918384,0 days 00:13:40.299191,0.48690291528682816,199,299,0.01593091516912199,0.01580676622357857,1.989109251049254,0.8459670082801158,3,COMPLETE
46,0.7811132863742893,2022-07-09 13:00:34.925383,2022-07-09 13:15:19.467170,0 days 00:14:44.541787,0.5199074196281771,198,312,0.014021637666937922,0.01488470757391118,1.9849709132035764,0.8451537944632815,3,COMPLETE
47,0.7804507007634335,2022-07-09 13:15:19.475180,2022-07-09 13:29:40.915056,0 days 00:14:21.439876,0.48757308444110126,185,298,0.015166924444291229,0.01711907876988801,1.9694948344848204,0.8746379425019086,3,COMPLETE
